 * Serving Flask app 'app'
 * Debug mode: on
WARNING: This is a development server. Do not use it in a production deployment. Use a production WSGI server instead.
 * Running on all addresses (0.0.0.0)
 * Running on http://127.0.0.1:5000
 * Running on http://172.20.10.5:5000
Press CTRL+C to quit
 * Restarting with watchdog (windowsapi)
 * Debugger is active!
 * Debugger PIN: 476-651-833
127.0.0.1 - - [26/Feb/2026 10:53:53] "GET /health HTTP/1.1" 200 -
127.0.0.1 - - [26/Feb/2026 10:54:13] "POST /api/generate-program HTTP/1.1" 200 -
127.0.0.1 - - [26/Feb/2026 11:04:42] "GET /api/health HTTP/1.1" 404 -
 * Detected change in 'C:\\Users\\marie\\anaconda3\\Lib\\site-packages\\numpy\\_typing\\__init__.py', reloading
 * Detected change in 'C:\\Users\\marie\\anaconda3\\Lib\\site-packages\\numpy\\_utils\\__init__.py', reloading
 * Detected change in 'C:\\Users\\marie\\anaconda3\\Lib\\site-packages\\numpy\\typing\\__init__.py', reloading
 * Detected change in 'C:\\Users\\marie\\anaconda3\\Lib\\site-packages\\numpy\\_typing\\_array_like.py', reloading
 * Detected change in 'C:\\Users\\marie\\anaconda3\\Lib\\site-packages\\numpy\\_typing\\_nbit.py', reloading
 * Detected change in 'C:\\Users\\marie\\anaconda3\\Lib\\site-packages\\numpy\\_typing\\_nested_sequence.py', reloading
 * Detected change in 'C:\\Users\\marie\\anaconda3\\Lib\\site-packages\\scipy\\sparse\\__init__.py', reloading
 * Detected change in 'C:\\Users\\marie\\anaconda3\\Lib\\site-packages\\scipy\\sparse\\_base.py', reloading
 * Detected change in 'C:\\Users\\marie\\anaconda3\\Lib\\site-packages\\scipy\\sparse\\_csr.py', reloading
 * Detected change in 'C:\\Users\\marie\\anaconda3\\Lib\\site-packages\\scipy\\sparse\\_csc.py', reloading
 * Detected change in 'C:\\Users\\marie\\anaconda3\\Lib\\site-packages\\scipy\\sparse\\_lil.py', reloading
 * Detected change in 'C:\\Users\\marie\\anaconda3\\Lib\\site-packages\\scipy\\sparse\\_dok.py', reloading
 * Detected change in 'C:\\Users\\marie\\anaconda3\\Lib\\site-packages\\scipy\\sparse\\_coo.py', reloading
 * Detected change in 'C:\\Users\\marie\\anaconda3\\Lib\\site-packages\\scipy\\sparse\\_dia.py', reloading
 * Detected change in 'C:\\Users\\marie\\anaconda3\\Lib\\site-packages\\scipy\\sparse\\_bsr.py', reloading
 * Detected change in 'C:\\Users\\marie\\anaconda3\\Lib\\site-packages\\scipy\\sparse\\_construct.py', reloading
 * Detected change in 'C:\\Users\\marie\\anaconda3\\Lib\\site-packages\\scipy\\sparse\\_extract.py', reloading
 * Detected change in 'C:\\Users\\marie\\anaconda3\\Lib\\site-packages\\scipy\\sparse\\_matrix_io.py', reloading
 * Detected change in 'C:\\Users\\marie\\anaconda3\\Lib\\site-packages\\scipy\\sparse\\_matrix.py', reloading
 * Detected change in 'C:\\Users\\marie\\anaconda3\\Lib\\site-packages\\joblib\\__init__.py', reloading
 * Restarting with watchdog (windowsapi)
 * Debugger is active!
 * Debugger PIN: 476-651-833
 * Detected change in 'C:\\Users\\marie\\anaconda3\\Lib\\site-packages\\numpy\\_typing\\_scalars.py', reloading
 * Detected change in 'C:\\Users\\marie\\anaconda3\\Lib\\site-packages\\xgboost\\sklearn.py', reloading
 * Detected change in 'C:\\Users\\marie\\anaconda3\\Lib\\site-packages\\xgboost\\compat.py', reloading
 * Restarting with watchdog (windowsapi)
 * Debugger is active!
 * Debugger PIN: 476-651-833
 * Detected change in 'C:\\Users\\marie\\anaconda3\\Lib\\site-packages\\sklearn\\ensemble\\_forest.py', reloading
 * Detected change in 'C:\\Users\\marie\\anaconda3\\Lib\\site-packages\\sklearn\\ensemble\\_gb.py', reloading
 * Detected change in 'C:\\Users\\marie\\anaconda3\\Lib\\site-packages\\sklearn\\model_selection\\_split.py', reloading
 * Detected change in 'C:\\Users\\marie\\anaconda3\\Lib\\site-packages\\sklearn\\preprocessing\\_data.py', reloading
 * Detected change in 'C:\\Users\\marie\\anaconda3\\Lib\\site-packages\\sklearn\\metrics\\_classification.py', reloading
 * Detected change in 'C:\\Users\\marie\\anaconda3\\Lib\\site-packages\\sklearn\\metrics\\_regression.py', reloading
 * Detected change in 'C:\\Users\\marie\\anaconda3\\Lib\\_pydatetime.py', reloading
 * Detected change in 'C:\\Users\\marie\\anaconda3\\Lib\\collections\\__init__.py', reloading
 * Restarting with watchdog (windowsapi)
 * Debugger is active!
 * Debugger PIN: 476-651-833
